TN:
SF:src\add.js
FN:16,(anonymous_0)
FNF:1
FNH:1
FNDA:4,(anonymous_0)
DA:16,4
LF:1
LH:1
BRF:0
BRH:0
end_of_record
TN:
SF:src\divide.js
FN:16,(anonymous_0)
FNF:1
FNH:1
FNDA:4,(anonymous_0)
DA:16,4
LF:1
LH:1
BRF:0
BRH:0
end_of_record
TN:
SF:src\get.js
FN:27,get
FNF:1
FNH:1
FNDA:3,get
DA:28,3
DA:29,3
LF:2
LH:2
BRDA:28,0,0,0
BRDA:28,0,1,3
BRDA:29,1,0,1
BRDA:29,1,1,2
BRF:4
BRH:3
end_of_record
TN:
SF:src\isDate.js
FN:24,(anonymous_0)
FN:25,(anonymous_1)
FNF:2
FNH:1
FNDA:3,(anonymous_0)
FNDA:0,(anonymous_1)
DA:6,1
DA:23,1
DA:24,3
DA:25,0
LF:4
LH:3
BRDA:6,0,0,1
BRDA:6,0,1,1
BRDA:23,1,0,1
BRDA:23,1,1,0
BRDA:25,2,0,0
BRDA:25,2,1,0
BRF:6
BRH:3
end_of_record
TN:
SF:src\isObject.js
FN:24,isObject
FNF:1
FNH:1
FNDA:5,isObject
DA:25,5
DA:26,5
LF:2
LH:2
BRDA:26,0,0,5
BRDA:26,0,1,3
BRDA:26,0,2,3
BRF:3
BRH:3
end_of_record
TN:
SF:src\isObjectLike.js
FN:23,isObjectLike
FNF:1
FNH:0
FNDA:0,isObjectLike
DA:24,0
LF:1
LH:0
BRDA:24,0,0,0
BRDA:24,0,1,0
BRF:2
BRH:0
end_of_record
TN:
SF:src\isSymbol.js
FN:18,isSymbol
FNF:1
FNH:1
FNDA:2,isSymbol
DA:19,2
DA:20,2
LF:2
LH:2
BRDA:20,0,0,2
BRDA:20,0,1,2
BRDA:20,0,2,0
BRDA:20,0,3,0
BRF:4
BRH:2
end_of_record
TN:
SF:src\memoize.js
FN:43,memoize
FN:47,(anonymous_1)
FNF:2
FNH:2
FNDA:1,memoize
FNDA:2,(anonymous_1)
DA:44,1
DA:45,0
DA:47,1
DA:48,2
DA:49,2
DA:51,2
DA:52,0
DA:54,2
DA:55,2
DA:56,2
DA:58,1
DA:59,1
DA:62,1
LF:13
LH:11
BRDA:44,0,0,0
BRDA:44,0,1,1
BRDA:44,1,0,1
BRDA:44,1,1,1
BRDA:44,1,2,1
BRDA:48,2,0,2
BRDA:48,2,1,0
BRDA:51,3,0,0
BRDA:51,3,1,2
BRDA:55,4,0,2
BRDA:55,4,1,0
BRDA:58,5,0,1
BRDA:58,5,1,0
BRF:13
BRH:8
end_of_record
TN:
SF:src\.internal\baseGet.js
FN:12,baseGet
FNF:1
FNH:1
FNDA:3,baseGet
DA:13,3
DA:15,3
DA:16,3
DA:18,3
DA:19,10
DA:21,3
LF:6
LH:6
BRDA:18,0,0,13
BRDA:18,0,1,12
BRDA:21,1,0,2
BRDA:21,1,1,1
BRDA:21,2,0,3
BRDA:21,2,1,3
BRF:6
BRH:6
end_of_record
TN:
SF:src\.internal\baseToNumber.js
FN:14,baseToNumber
FNF:1
FNH:1
FNDA:16,baseToNumber
DA:4,2
DA:15,16
DA:16,16
DA:18,0
DA:19,0
DA:21,0
LF:6
LH:3
BRDA:15,0,0,16
BRDA:15,0,1,0
BRDA:18,1,0,0
BRDA:18,1,1,0
BRF:4
BRH:1
end_of_record
TN:
SF:src\.internal\baseToString.js
FN:17,baseToString
FNF:1
FNH:0
FNDA:0,baseToString
DA:4,2
DA:7,2
DA:19,0
DA:20,0
DA:22,0
DA:24,0
DA:26,0
DA:27,0
DA:29,0
DA:30,0
LF:10
LH:2
BRDA:19,0,0,0
BRDA:19,0,1,0
BRDA:22,1,0,0
BRDA:22,1,1,0
BRDA:26,2,0,0
BRDA:26,2,1,0
BRDA:27,3,0,0
BRDA:27,3,1,0
BRDA:30,4,0,0
BRDA:30,4,1,0
BRDA:30,5,0,0
BRDA:30,5,1,0
BRF:12
BRH:0
end_of_record
TN:
SF:src\.internal\castPath.js
FN:12,castPath
FNF:1
FNH:1
FNDA:3,castPath
DA:13,3
DA:14,1
DA:16,2
LF:3
LH:3
BRDA:13,0,0,1
BRDA:13,0,1,2
BRDA:16,1,0,0
BRDA:16,1,1,2
BRF:4
BRH:3
end_of_record
TN:
SF:src\.internal\createMathOperation.js
FN:12,createMathOperation
FN:13,(anonymous_1)
FNF:2
FNH:2
FNDA:2,createMathOperation
FNDA:8,(anonymous_1)
DA:13,2
DA:14,8
DA:15,0
DA:17,8
DA:18,0
DA:20,8
DA:21,0
DA:23,8
DA:24,0
DA:25,0
DA:28,8
DA:29,8
DA:31,8
LF:13
LH:8
BRDA:14,0,0,0
BRDA:14,0,1,8
BRDA:14,1,0,8
BRDA:14,1,1,0
BRDA:17,2,0,0
BRDA:17,2,1,8
BRDA:17,3,0,8
BRDA:17,3,1,8
BRDA:20,4,0,0
BRDA:20,4,1,8
BRDA:20,5,0,8
BRDA:20,5,1,8
BRDA:23,6,0,0
BRDA:23,6,1,8
BRDA:23,7,0,8
BRDA:23,7,1,8
BRF:16
BRH:11
end_of_record
TN:
SF:src\.internal\freeGlobal.js
FNF:0
FNH:0
DA:2,1
LF:1
LH:1
BRDA:2,0,0,1
BRDA:2,0,1,1
BRDA:2,0,2,1
BRDA:2,0,3,1
BRF:4
BRH:4
end_of_record
TN:
SF:src\.internal\getTag.js
FN:10,getTag
FNF:1
FNH:0
FNDA:0,getTag
DA:1,4
DA:11,0
DA:12,0
DA:14,0
LF:4
LH:1
BRDA:11,0,0,0
BRDA:11,0,1,0
BRDA:12,1,0,0
BRDA:12,1,1,0
BRF:4
BRH:0
end_of_record
TN:
SF:src\.internal\isKey.js
FN:15,isKey
FNF:1
FNH:1
FNDA:2,isKey
DA:4,1
DA:5,1
DA:16,2
DA:17,0
DA:19,2
DA:20,2
DA:21,0
DA:23,2
LF:8
LH:6
BRDA:16,0,0,0
BRDA:16,0,1,2
BRDA:20,1,0,0
BRDA:20,1,1,2
BRDA:20,2,0,2
BRDA:20,2,1,2
BRDA:20,2,2,2
BRDA:20,2,3,2
BRDA:23,3,0,2
BRDA:23,3,1,2
BRDA:23,3,2,2
BRDA:23,3,3,2
BRF:12
BRH:10
end_of_record
TN:
SF:src\.internal\memoizeCapped.js
FN:14,memoizeCapped
FN:15,(anonymous_1)
FNF:2
FNH:2
FNDA:1,memoizeCapped
FNDA:2,(anonymous_1)
DA:4,1
DA:15,1
DA:16,2
DA:17,2
DA:18,0
DA:20,2
DA:23,1
LF:7
LH:6
BRDA:17,0,0,0
BRDA:17,0,1,2
BRF:2
BRH:1
end_of_record
TN:
SF:src\.internal\nodeTypes.js
FN:16,(anonymous_0)
FNF:1
FNH:1
FNDA:1,(anonymous_0)
DA:4,1
DA:7,1
DA:10,1
DA:13,1
DA:16,1
DA:17,1
DA:20,1
DA:21,1
LF:8
LH:8
BRDA:4,0,0,1
BRDA:4,0,1,1
BRDA:4,0,2,1
BRDA:4,0,3,1
BRDA:7,1,0,1
BRDA:7,1,1,1
BRDA:7,1,2,1
BRDA:7,1,3,1
BRDA:7,1,4,1
BRDA:10,2,0,1
BRDA:10,2,1,1
BRDA:13,3,0,1
BRDA:13,3,1,1
BRDA:20,4,0,1
BRDA:20,4,1,1
BRDA:20,4,2,1
BRDA:21,5,0,1
BRDA:21,5,1,0
BRDA:24,6,0,0
BRDA:24,6,1,0
BRDA:24,6,2,0
BRF:21
BRH:17
end_of_record
TN:
SF:src\.internal\stringToPath.js
FN:26,(anonymous_0)
FN:31,(anonymous_1)
FNF:2
FNH:2
FNDA:2,(anonymous_0)
FNDA:7,(anonymous_1)
DA:3,1
DA:4,1
DA:5,1
DA:26,1
DA:27,2
DA:28,2
DA:29,0
DA:31,2
DA:32,7
DA:33,7
DA:34,0
DA:36,7
DA:37,1
DA:39,7
DA:41,2
LF:15
LH:13
BRDA:28,0,0,0
BRDA:28,0,1,2
BRDA:33,1,0,0
BRDA:33,1,1,7
BRDA:36,2,0,1
BRDA:36,2,1,6
BRF:6
BRH:4
end_of_record
TN:
SF:src\.internal\toKey.js
FN:13,toKey
FNF:1
FNH:1
FNDA:10,toKey
DA:4,1
DA:14,10
DA:15,10
DA:17,0
DA:18,0
LF:5
LH:3
BRDA:14,0,0,10
BRDA:14,0,1,0
BRDA:14,1,0,10
BRDA:14,1,1,0
BRDA:18,2,0,0
BRDA:18,2,1,0
BRDA:18,3,0,0
BRDA:18,3,1,0
BRF:8
BRH:2
end_of_record
